Vivado Simulator 2018.2
Time resolution is 1 ps
[DRV] : DUT Reset Done
------------------------------------------
[GEN] : Oper : 0 iteration : 1
[DRV] : DATA READ
[MON] : Wr:0 rd:1 din:0 dout:0 full:0 empty:0
[SCO] : Wr:0 rd:1 din:0 dout:0 full:0 empty:0
[SCO] : DATA MATCH
--------------------------------------
[GEN] : Oper : 0 iteration : 2
[DRV] : DATA READ
[MON] : Wr:0 rd:1 din:0 dout:0 full:0 empty:0
[SCO] : Wr:0 rd:1 din:0 dout:0 full:0 empty:0
[SCO] : DATA MATCH
--------------------------------------
[GEN] : Oper : 1 iteration : 3
[DRV] : DATA WRITE  data : 5
[MON] : Wr:1 rd:0 din:5 dout:0 full:0 empty:0
[SCO] : Wr:1 rd:0 din:5 dout:0 full:0 empty:0
[SCO] : DATA STORED IN QUEUE :5
--------------------------------------
[GEN] : Oper : 1 iteration : 4
[DRV] : DATA WRITE  data : 3
[MON] : Wr:1 rd:0 din:3 dout:0 full:0 empty:0
[SCO] : Wr:1 rd:0 din:3 dout:0 full:0 empty:0
[SCO] : DATA STORED IN QUEUE :3
--------------------------------------
[GEN] : Oper : 1 iteration : 5
[DRV] : DATA WRITE  data : 3
[MON] : Wr:1 rd:0 din:3 dout:0 full:0 empty:0
[SCO] : Wr:1 rd:0 din:3 dout:0 full:0 empty:0
[SCO] : DATA STORED IN QUEUE :3
--------------------------------------
[GEN] : Oper : 1 iteration : 6
[DRV] : DATA WRITE  data : 5
[MON] : Wr:1 rd:0 din:5 dout:0 full:0 empty:0
[SCO] : Wr:1 rd:0 din:5 dout:0 full:0 empty:0
[SCO] : DATA STORED IN QUEUE :5
--------------------------------------
[GEN] : Oper : 0 iteration : 7
[DRV] : DATA READ
[MON] : Wr:0 rd:1 din:5 dout:0 full:0 empty:0
[SCO] : Wr:0 rd:1 din:5 dout:0 full:0 empty:0
Error: [SCO] : DATA MISMATCH
Time: 510 ns  Iteration: 1  Process: /$unit_top_sv/scoreboard::run  File: G:/FIFO_project/project_1/project_1.srcs/sim_1/new/TB.sv
--------------------------------------
[GEN] : Oper : 0 iteration : 8
[DRV] : DATA READ
[MON] : Wr:0 rd:1 din:5 dout:0 full:0 empty:0
[SCO] : Wr:0 rd:1 din:5 dout:0 full:0 empty:0
Error: [SCO] : DATA MISMATCH
Time: 570 ns  Iteration: 1  Process: /$unit_top_sv/scoreboard::run  File: G:/FIFO_project/project_1/project_1.srcs/sim_1/new/TB.sv
--------------------------------------
[GEN] : Oper : 0 iteration : 9
[DRV] : DATA READ
[MON] : Wr:0 rd:1 din:5 dout:0 full:0 empty:0
[SCO] : Wr:0 rd:1 din:5 dout:0 full:0 empty:0
Error: [SCO] : DATA MISMATCH
Time: 630 ns  Iteration: 1  Process: /$unit_top_sv/scoreboard::run  File: G:/FIFO_project/project_1/project_1.srcs/sim_1/new/TB.sv
--------------------------------------
[GEN] : Oper : 0 iteration : 10
[DRV] : DATA READ
[MON] : Wr:0 rd:1 din:5 dout:0 full:0 empty:0
[SCO] : Wr:0 rd:1 din:5 dout:0 full:0 empty:0
Error: [SCO] : DATA MISMATCH
Time: 690 ns  Iteration: 1  Process: /$unit_top_sv/scoreboard::run  File: G:/FIFO_project/project_1/project_1.srcs/sim_1/new/TB.sv
--------------------------------------
---------------------------------------------
Error Count :4
---------------------------------------------
$finish called at time : 690 ns : File "G:/FIFO_project/project_1/project_1.srcs/sim_1/new/TB.sv" Line 236
